\BOOKMARK [0][-]{section*.2}{\376\377\000I\000l\000l\000u\000s\000t\000r\000a\000t\000i\000o\000n\000s}{}% 1
\BOOKMARK [0][-]{chapter.1}{\376\377\000A\000d\000d\000i\000n\000g\000\040\000a\000\040\000n\000e\000w\000\040\000q\000u\000a\000l\000i\000t\000y\000\040\000r\000u\000l\000e}{}% 2
\BOOKMARK [1][-]{section.1.1}{\376\377\000S\000p\000e\000c\000i\000f\000y\000i\000n\000g\000\040\000a\000n\000\040\000i\000n\000t\000e\000r\000e\000s\000t}{chapter.1}% 3
\BOOKMARK [1][-]{section.1.2}{\376\377\000C\000h\000e\000c\000k\000i\000n\000g}{chapter.1}% 4
\BOOKMARK [1][-]{section.1.3}{\376\377\000A\000d\000v\000a\000n\000c\000e\000d\000\040\000c\000h\000e\000c\000k\000i\000n\000g}{chapter.1}% 5
\BOOKMARK [1][-]{section.1.4}{\376\377\000T\000e\000s\000t\000i\000n\000g}{chapter.1}% 6
\BOOKMARK [1][-]{section.1.5}{\376\377\000G\000r\000o\000u\000p\000\040\000a\000n\000d\000\040\000S\000e\000v\000e\000r\000i\000t\000y}{chapter.1}% 7
\BOOKMARK [1][-]{section.1.6}{\376\377\000R\000e\000s\000e\000t\000\040\000t\000h\000e\000\040\000c\000a\000c\000h\000e}{chapter.1}% 8
\BOOKMARK [1][-]{section.1.7}{\376\377\000R\000u\000n\000n\000i\000n\000g\000\040\000r\000u\000l\000e\000s}{chapter.1}% 9
\BOOKMARK [-1][-]{part.1}{\376\377\000c\000h\000e\000c\000k\000:\000i\000f\000N\000o\000C\000r\000i\000t\000i\000q\000u\000e\000s\000:}{}% 10
\BOOKMARK [-1][-]{part.2}{\376\377\000c\000h\000e\000c\000k\000:\000f\000o\000r\000C\000r\000i\000t\000i\000q\000u\000e\000s\000D\000o\000:\000i\000f\000N\000o\000n\000e\000:}{}% 11
\BOOKMARK [0][-]{section.1.8}{\376\377\000S\000p\000e\000c\000i\000a\000l\000\040\000r\000u\000l\000e\000s}{part.2}% 12
\BOOKMARK [1][-]{section*.5}{\376\377\000R\000e\000N\000o\000d\000e\000M\000a\000t\000c\000h\000R\000u\000l\000e}{section.1.8}% 13
\BOOKMARK [2][-]{section*.6}{\376\377\000R\000e\000N\000o\000d\000e\000R\000e\000w\000r\000i\000t\000e\000R\000u\000l\000e}{section*.5}% 14
\BOOKMARK [1][-]{section.1.9}{\376\377\000E\000x\000a\000m\000p\000l\000e}{section.1.8}% 15
\BOOKMARK [1][-]{section.1.10}{\376\377\000E\000x\000t\000e\000n\000d\000i\000n\000g\000\040\000r\000e\000n\000r\000a\000k\000u}{section.1.8}% 16
\BOOKMARK [-1][-]{part.3}{\376\377\000b\000a\000s\000i\000c\000C\000h\000e\000c\000k\000:\000\040\000r\000e\000t\000u\000r\000n\000\040\000t\000r\000u\000e\000\040\000s\000i\000\040\000l\000e\000\040\000c\000r\000i\000t\000i\000q\000u\000e\000\040\000b\000l\000o\000c\000k\000\040\000d\000o\000i\000t\000\040\000\352\000t\000r\000e\000\040\000e\000x\000e\000c\000u\000t\000\351\000\040\000\050\000\043\000b\000a\000s\000i\000c\000C\000h\000e\000c\000k\000:\000\040\000e\000s\000t\000\040\000a\000p\000p\000e\000l\000l\000\351\000\040\000d\000a\000n\000s\000\040\000\043\000c\000h\000e\000c\000k\000:\000f\000o\000r\000C\000r\000i\000t\000i\000q\000u\000e\000s\000D\000o\000:}{}% 17
\BOOKMARK [-1][-]{part.4}{\376\377\000c\000h\000e\000c\000k\000:\000f\000o\000r\000C\000r\000i\000t\000i\000q\000u\000e\000s\000D\000o\000:\000\040\000e\000x\000e\000c\000u\000t\000e\000\040\000u\000n\000\040\000c\000r\000i\000t\000i\000q\000u\000e\000\040\000b\000l\000o\000c\000k\000\040\000a\000v\000e\000c\000\040\000e\000n\000\040\000p\000a\000r\000a\000m\000\350\000t\000r\000e\000\040\000u\000n\000e\000\040\000c\000r\000i\000t\000i\000q\000u\000e\000.}{}% 18
\BOOKMARK [0][-]{chapter.2}{\376\377\000R\000e\000n\000r\000a\000k\000u\000\040\000M\000o\000d\000e\000l}{part.4}% 19
\BOOKMARK [1][-]{section.2.1}{\376\377\000E\000n\000t\000i\000t\000i\000e\000s}{chapter.2}% 20
\BOOKMARK [1][-]{section.2.2}{\376\377\000C\000r\000i\000t\000i\000q\000u\000e\000s}{chapter.2}% 21
\BOOKMARK [1][-]{section.2.3}{\376\377\000M\000i\000g\000r\000a\000t\000i\000n\000g\000\040\000r\000u\000l\000e\000s\000\040\000t\000o\000\040\000r\000e\000n\000r\000a\000k\000u}{chapter.2}% 22
\BOOKMARK [2][-]{section*.9}{\376\377\000G\000e\000n\000e\000r\000i\000c\000\040\000r\000u\000l\000e}{section.2.3}% 23
\BOOKMARK [1][-]{section.2.4}{\376\377\000R\000e\000w\000r\000i\000t\000e\000\040\000r\000u\000l\000e\000s}{chapter.2}% 24
\BOOKMARK [1][-]{section.2.5}{\376\377\000B\000e\000t\000t\000e\000r\000\040\000p\000o\000s\000t\000-\000c\000h\000e\000c\000k\000s}{chapter.2}% 25
\BOOKMARK [0][-]{chapter*.10}{\376\377\000B\000i\000b\000l\000i\000o\000g\000r\000a\000p\000h\000y}{part.4}% 26
